<?xml version="1.0" encoding="UTF-8"?>
<testng-results ignored="0" total="1" passed="1" failed="0" skipped="0">
  <reporter-output>
  </reporter-output>
  <suite started-at="2023-01-28T12:55:05 EET" name="Default suite" finished-at="2023-01-28T12:57:08 EET" duration-ms="123911">
    <groups>
    </groups>
    <test started-at="2023-01-28T12:55:05 EET" name="Default test" finished-at="2023-01-28T12:57:08 EET" duration-ms="123911">
      <class name="TestPackage.TestRun2">
        <test-method is-config="true" signature="loadWebPage()[pri:0, instance:TestPackage.TestRun2@dd8ba08]" started-at="2023-01-28T12:55:05 EET" name="loadWebPage" finished-at="2023-01-28T12:55:12 EET" duration-ms="7419" status="PASS">
          <reporter-output>
          </reporter-output>
        </test-method> <!-- loadWebPage -->
        <test-method signature="Test1()[pri:0, instance:TestPackage.TestRun2@dd8ba08]" started-at="2023-01-28T12:55:12 EET" name="Test1" finished-at="2023-01-28T12:56:52 EET" duration-ms="100197" status="PASS">
          <reporter-output>
          </reporter-output>
        </test-method> <!-- Test1 -->
        <test-method is-config="true" signature="CloseBrowser()[pri:0, instance:TestPackage.TestRun2@dd8ba08]" started-at="2023-01-28T12:56:52 EET" name="CloseBrowser" finished-at="2023-01-28T12:57:08 EET" duration-ms="16263" status="PASS">
          <reporter-output>
          </reporter-output>
        </test-method> <!-- CloseBrowser -->
      </class> <!-- TestPackage.TestRun2 -->
    </test> <!-- Default test -->
  </suite> <!-- Default suite -->
</testng-results>
